[    0000]Iniazing cgou sbsys cpuset
[    0.000000] Initializing cgroup subsys cp
   0.0000] itiaizing cgroup subsys cpuacct
[    0.000000] Linux version 4.4.0-134-generic (buildd@lgw01-amd64-033) (gcc version 5.4.0 20160609 (Ubuntu 5.4.0-6ubuntu1~16.04.10) ) #160-Ubuntu SMP Wed Aug 15 14:58:00 UTC 2018 (Ubuntu 4.4.0-134.160-generic 4.4.140)
[    0.000000] Command line: BOOT_IMAGE=/boot/vmlinuz-4.4.0-134-generc ot=LABEL=cloudimg-rootfs ro console=tty1 console=ttyS0
[    0.000000] KERNEL supported cpus:
[    0.000000]   Intel GenuineIntel
[    0.000000]   AMD AuthenticAMD
[    0.000000]   Centaur CentaurHauls
[    0.000000] x86/fpu: xstate_offset[2]:  576, xstate_sizes[2]:  256
[    0.000000] x86/fpu: Supporting XSAVE feature 0x01: 'x87 floating point registers'
[    0.000000] x86/fpu: Supporting XSAVE feature 0x02: 'SSE registers'
[    0.000000] x86/fpu: Supporting XSAVE feature 0x04: 'AVX registers'
[    0.000000] x86/fpu: Enabled xstate features 0x7, context size is 832 bytes, using 'standard' format.
[    0.000000] e820: BIOS-provided physical RAM map:
[    0.000000] BIOS-e820: [mem 0x0000000000000000-0x000000000009fbff] usable
[    0.000000] BIOS-e820: [mem 0x000000000009fc00-0x000000000009ffff] reserved
[    0.000000] BIOS-e820: [mem 0x00000000000f0000-0x00000000000fffff] reserved
[    0.000000] BIOS-e820: [mem 0x0000000000100000-0x000000003ffeffff] usable
[    0.000000] BIOS-e820: [mem 0x000000003fff0000-0x000000003fffffff] ACPI data
[    0.000000] BIOS-e820: [mem 0x00000000fec00000-0x00000000fec00fff] reserved
[    0.000000] BIOS-e8: [m 000000000fee00000-0x00000000fee00fff] reserved
[    0.000000] BIOS-e820: [mem 0x00000000fffc0000-0x00000000ffffffff] reserved
[    0.000000] NX (Execute Disable) protection: active
[    0.000000] SMBIOS 2.5 present.
[    0.000000] Hypervisor detected: KVM
[    0.000000] e820: last_pfn = 0x3fff0 max_arch_pfn = 0x400000000
[    0.00000] TRR: Disabled
[    0.000000] x86/PAT: MTRRs disabled, skipping PAT initialization too.
[    0.000000] CPU MTRRs all blank - virtualized system.
[    0.000000] x86/PAT: Configuration [0-7]: WB  WT  UC- UC  WB  WT  UC- UC  
[    0.000000] found SMP MP-table at [mem 0x0009fff0-0x0009ffff] mapped at [ffff88000009fff0]
[    0.000000] Scanning 1 areas for low memory corruption
[    0.000000] MDIS [m 0x363000-0x3717dfff]
[    0.000000] ACPI: Early table checksum verification disabled
[    0.000000] ACPI: RSDP 0x0000000000000 00024 (v02 VBOX  )
[    0.000000] ACPI: XSDT 0x000000003FFF0030 00003C (v01 VBOX   VBOXXSDT 00000001 ASL  00000061)
[    0.000000] ACPI: FACP 0x000000003FFF00F0 0000F4 (v04 VBOX   VBOXFACP 00000001 ASL  00000061)
[    0.000000] ACPI: DSDT 0x000000003FFF0470 0021FF (v02 VBOX   VBOXBIOS 00000002 INTL 20180105)
[    0.000000] ACPI: FACS 0x000000003FFF0200 000040
[    0.000000] ACPI: FACS 0x000000003FFF0200 000040
[    0.000000] ACPI: APIC 0x000000003FFF0240 00005C (v02 VBOX   VBOXAPIC 00000001 ASL  00000061)
[    0.000000] ACPI: SSDT 0x000000003FFF02A0 0001CC (v01 VBOX   VBOXCPUT 00000002 INTL 20180105)
[    0.000000] No NUMA configuration found
[    0.000000] Faking a node at [mem 0x0000000000000000-0x000000003ffeffff]
[    0.000000] NODE_DATA(0) allocated [mem 0x3ffeb000-0x3ffeffff]
[    0.000000] kvm-clock: Using msrs 4b564d01 and 4b564d00
[    0.000000] kvm-clock: cpu 0, msr 0:3ffe3001, primary cpu clock
[    0.000000] kvm-clock: using sched offset of 3115713549 cycles
[    0.000000] clocksource: kvm-clock: mask: 0xffffffffffffffff max_cycles: 0x1cd42e4dffb, max_idle_ns: 881590591483 ns
[    0.000000] Zone ranges:
[    0.000000]   DMA      [mem 0x0000000000001000-0x0000000000ffffff]
[    0.000000]   DMA32    [mem 0x0000000001000000-0x000000003ffeffff]
[    0.000000]   Normal   empty
[    0.000000]   Device   empty
[    0.000000] Movable zone start for each node
[    0.000000] Early memory node ranges
[    0.000000]   node   0: [mem 0x0000000000001000-0x00000000000efff]
[    0.000000]   node   0: [mem 0x0000000000100000-0x000000003ffeffff]
[    0.000000] Initmem setup node 0 [mem 0x0000000000001000-0x000000003ffeffff]
[    0.000000] ACPI: PM-Timer IO Port: 0x4008
[    0.000000] IOAPIC[0]: apic_id 2, version 32, address 0xfec00000, GSI 0-23
[    0.000000] ACPI: INT_SRC_OVR (bus 0 bus_irq 0 global_irq 2 dfl dfl)
[    0.000000] ACPI: INT_SRC_OVR (bus 0 bus_irq 9 global_irq 9 low level)
[    0.000000] Using ACPI (MADT) for SMP configuration information
[    0.000000] smpboot: Allowing 2 CPUs, 0 hotplug CPUs
[    0.000000] PM: Registered nosave memory: [mem 0x00000000-0x00000fff]
[    0.000000] PM: Registered nosave memory: [mem 0x0009f000-0x0009ffff]
[    0.000000] PM: Registered nosave memory: [mem 0x000a0000-0x000effff]
[    0.000000] PM: Registered nosave memory: [mem 0x000f0000-0x000fffff]
[    0.000000] e820: [mem 0x40000000-0xfebfffff] available for PCI devices
[    0.000000] Booting paravirtualized kernel on KVM
[    0.000000] clocksource: refined-jiffies: mask: 0xffffffff max_cycles: 0xffffffff, max_idle_ns: 7645519600211568 ns
[    0.000000] setup_percpu: NR_CPUS:512 nr_cpumask_bits:512 nr_cpu_ids:2 nr_node_ids:1
[    0.000000] PERCPU: Embedded 34 pages/cpu @ffff88003fc00000 s99544 r8192 d31528 u1048576
[    0.000000] PV qspinlock hash table entries: 256 (order: 0, 4096 bytes)
[    0.000000] Built 1 zonelists in Node order, mobility grouping on.  Total pages: 257912
[    0.000000] Policy zone: DMA32
[    0.000000] Kernel command line: BOOT_IMAGE=/boot/vmlinuz-4.4.0-134-generic root=LABEL=cloudimg-rootfs ro console=tty1 console=ttyS0
[    0.000000] PID hash table entries: 4096 (order: 3, 32768 bytes)
[    0.000000] Memory: 997724K/1048120K available (8554K kernel code, 1314K rwdata, 4004K rodata, 1516K init, 1316K bss, 50396K reserved, 0K cma-reserved)
[    0.000000] SLUB: HWalign=64, Order=0-3, MinObjct0, CPUs=2, Nodes=1
[    0.000000] Kernel/User page tables isolation: enabled
[    0.000000] Hierarchical RCU implementation.
[    0.000000] 	Build-time adjustntf leaf fanout to 64.
[    0.000000] 	RCU restricting CPUs from NR_CPUS=512 to nr_cpu_ids=2.
[    0.000000] RCU: Adjusting geometry for rcu_fanout_leaf=64, nr_cpu_ids=2
[    0.000000] NR_IRQS:33024 nr_irqs:440 16
[    0.000000] Console: colour VGA+ 80x25
[    0.000000] console [tty1] enabled
[    0.000000] console [ttyS0] enabled
[    0.000000] tsc: Detected 2693.762 MHz processor
[    1.443972] Calibrating delay loop (skipped) preset value.. 5387.52 BogoMIPS (lpj=10775048)
[    1.445573] pid_max: default: 32768 minimum: 301
[    1.453729] ACPI: Core revision 20150930
[    1.480361] ACPI: 2 ACPI AML tables successfully acquired and loaded
[    1.499415] Security Framework initialized
[    1.503499] Yama: becoming mindful.
[    1.511795] AppArmor: AppArmor initialized
[    1.523240] Dentry cache hash table entries: 131072 (order: 8, 1048576 bytes)
[    1.530490] Inode-cache hash table entries: 65536 (order: 7, 524288 bytes)
[    1.539347] Mount-cache hash table entries: 2048 (order: 2, 16384 bytes)
[    1.540521] Mountpoint-cache hash table entries: 2048 (order: 2, 16384 bytes)
[    1.541876] Initializing cgroup subsys io
[    1.558615] Initializing cgroup subsys memory
[    1.570147] Initializing cgroup subsys devices
[    1.583150] Initializing cgroup subsys freezer
[    1.584236] Initializing cgroup subsys net_cls
[    1.585313] Initializing cgroup subsys perf_event
[    1.586440] Initializing cgroup subsys net_prio
[    1.591111] Initializing cgroup subsys hugetlb
[    1.611273] Initializing cgroup subsys pids
[    1.612958] mce: CPU supports 0 MCE banks
[    1.613728] Last level iTLB entries: 4KB 1024, 2MB 1024, 4MB 1024
[    1.614761] Last level dTLB entries: 4KB 1024, 2MB 1024, 4MB 1024, 1GB 4
[    1.615795] Spectre V2 : Mitigation: Full generic retpoline
[    1.616751] Spectre V2 : Speculation control IBPB not-supported IBRS not-supported
[    1.688673] Speculative Store Bypass: Vulnerable
[    1.693090] Freeing SMP alternatives memory: 32K
[    1.725108] ftrace: allocating 32266 entries in 127 pages
[    1.792439] smpboot: APIC(0) Converting physical 0 to logical package 0
[    1.820640] smpboot: Max logical packages: 1
[    1.856052] x2apic enabled
[    1.859504] Switched APIC routing to physical x2apic.
[    1.881827] ..TIMER: vector=0x30 apic1=0 pin1=2 apic2=-1 pin2=-1
[    2.002701] smpboot: CPU0: Intel(R) Core(TM) i7-4600U CPU @ 2.10GHz (family: 0x6, model: 0x45, stepping: 0x1)
[    2.041836] Performance Events: unsupported p6 CPU model 69 no PMU driver, software events only.
[    2.054898] KVM setup paravirtual spinlock
[    2.056963] x86: Booting SMP configuration:
[    2.063908] .... node  #0, CPUs:      #1
[    2.087000] kvm-clock: cpu 1, msr 0:3ffe3041, secondary cpu clock
[    2.114266] mce: CPU supports 0 MCE banks
[    2.118356] x86: Booted up 1 node, 2 CPUs
[    2.160936] smpboot: Total of 2 processors activated (10775.04 BogoMIPS)
[    2.208286] devtmpfs: initialized
[    2.216460] evm: security.selinux
[    2.236726] evm: security.SMACK64
[    2.244807] evm: security.SMACK64EXEC
[    2.245709] evm: security.SMACK64TRANSMUTE
[    2.258341] evm: security.SMACK64MMAP
[    2.260385] evm: security.ima
[    2.281847] evm: security.capability
[    2.295750] clocksource: jiffies: mask: 0xffffffff max_cycles: 0xffffffff, max_idle_ns: 7645041785100000 ns
[    2.309253] futex hash table entries: 512 (order: 3, 32768 bytes)
[    2.319361] pinctrl core: initialized pinctrl subsystem
[    2.344547] RTC time: 14:52:16, date: 09/03/18
[    2.345484] NET: Registered protocol family 16
[    2.355143] cpuidle: using governor ladder
[    2.373055] cpuidle: using governor menu
[    2.392347] PCCT header not found.
[    2.393087] ACPI: bus type PCI registered
[    2.423073] acpiphp: ACPI Hot Plug PCI Controller Driver version: 0.5
[    2.431758] PCI: Using configuration type 1 for base access
[    2.443988] ACPI: Added _OSI(Module Device)
[    2.447734] ACPI: Added _OSI(Processor Device)
[    2.448781] ACPI: Added _OSI(3.0 _SCP Extensions)
[    2.449864] ACPI: Added _OSI(Processor Aggregator Device)
[    2.451908] ACPI: Executed 1 blocks of module-level executable AML code
[    2.456725] ACPI: Interpreter enabled
[    2.459497] ACPI: (supports S0 S5)
[    2.460154] ACPI: Using IOAPIC for interrupt routing
[    2.461070] PCI: Using host bridge windows from ACPI; if necessary, use "pci=nocrs" and report a bug
[    2.465551] ACPI: PCI Root Bridge [PCI0] (domain 0000 [bus 00-ff])
[    2.467288] acpi PNP0A03:00: _OSC: OS supports [ASPM ClockPM Segments MSI]
[    2.468503] acpi PNP0A03:00: _OSC: not requesting OS control; OS requires [ExtendedConfig ASPM ClockPM MSI]
[    2.470092] acpi PNP0A03:00: fail to add MMCONFIG information, can't access extended PCI configuration space under this bridge.
[    2.472129] PCI host bridge to bus 0000:00
[    2.473898] pci_bus 0000:00: root bus resource [io  0x0000-0x0cf7 window]
[    2.474961] pci_bus 0000:00: root bus resource [io  0x0d00-0xffff window]
[    2.476013] pci_bus 0000:00: root bus resource [mem 0x000a0000-0x000bffff window]
[    2.477257] pci_bus 0000:00: root bus resource [mem 0x40000000-0xfdffffff window]
[    2.478572] pci_bus 0000:00: root bus resource [bus 00-ff]
[    2.480692] pci 0000:00:01.1: legacy IDE quirk: reg 0x10: [io  0x01f0-0x01f7]
[    2.512685] pci 0000:00:01.1: legacy IDE quirk: reg 0x14: [io  0x03f6]
[    2.527180] pci 0000:00:01.1: legacy IDE quirk: reg 0x18: [io  0x0170-0x0177]
[    2.531256] pci 0000:00:01.1: legacy IDE quirk: reg 0x1c: [io  0x0376]
[    2.547643] pci 0000:00:07.0: quirk: [io  0x4000-0x403f] claimed by PIIX4 ACPI
[    2.588198] pci 0000:00:07.0: quirk: [io  0x4100-0x410f] claimed by PIIX4 SMB
[    2.594843] ACPI: PCI Interrupt Link [LNKA] (IRQs 5 9 10 *11)
[    2.601506] ACPI: PCI Interrupt Link [LNKB] (IRQs 5 9 *10 11)
[    2.602787] ACPI: PCI Interrupt Link [LNKC] (IRQs 5 *9 10 11)
[    2.605202] ACPI: PCI Interrupt Link [LNKD] (IRQs 5 9 10 *11)
[    2.606515] ACPI: Enabled 2 GPEs in block 00 to 07
[    2.608777] vgaarb: setting as boot device: PCI:0000:00:02.0
[    2.614013] vgaarb: device added: PCI:0000:00:02.0,decodes=io+mem,owns=io+mem,locks=none
[    2.620666] vgaarb: loaded
[    2.621204] vgaarb: bridge control possible 0000:00:02.0
[    2.622253] SCSI subsystem initialized
[    2.623080] ACPI: bus type USB registered
[    2.624899] usbcore: registered new interface driver usbfs
[    2.625784] usbcore: registered new interface driver hub
[    2.626687] usbcore: registered new device driver usb
[    2.628225] PCI: Using ACPI for IRQ routing
[    2.632152] NetLabel: Initializing
[    2.632787] NetLabel:  domain hash size = 128
[    2.633547] NetLabel:  protocols = UNLABELED CIPSOv4
[    2.634362] NetLabel:  unlabeled traffic allowed by default
[    2.635401] amd_nb: Cannot enumerate AMD northbridges
[    2.637379] clocksource: Switched to clocksource kvm-clock
[    2.643955] AppArmor: AppArmor Filesystem Enabled
[    2.650114] pnp: PnP ACPI init
[    2.654127] pnp: PnP ACPI: found 3 devices
[    2.663520] clockource: acpi_pm: mask: 0xffffff max_cycles: 0xffffff, max_idle_ns: 2085701024 ns
[    2.686095] NET: Registered protocol family 2

[    2.687061] TCP established hash table entries: 8192 (order: 4, 65536 bytes)
[   9555 TCP bind hash table entries: 8192 (order: 5, 131072 bytes)
[    3.086054] TCP: Hash tables configured (established 8192 bind 8192)
[    3.087023] UDP hash table entries: 512 (order: 2, 16384 bytes)
[    3.087975] UDP-Lite hash table entries: 512 (order: 2, 16384 bytes)
[    3.088966] NET: Registered protocol family 1
[    3.089728] pci 0000:00:00.0: Limiting direct PCI/PCI transfers
[    3.090635] pci 0000:00:01.0: Activating ISA DMA hang workarounds
[    3.091651] Unpacking initramfs...

[    3.273269] Freeing initdd memory: 14792K
[    3.453640] RAPL PMU detected, API unit is 2^-32 Joules, 4 fixed counters 10737418240 ms ovfl timer
[    3.507726] hw unit of domain pp0-core 2^-0 Joules
[    3.508585] hw unit of domain package 2^-0 Joules
[    3.509442] hw unit of domain dram 2^-0 Joules
[    3.510186] hw unit of domain pp1-gpu 2^-0 Joules
[    3.511046] platform rtc_cmos: registered platform RTC device (no PNP device found)
[    3.526855] Scanning for low memory corruption every 60 seconds
[    3.528136] audit: initializing netlink subsys (disabled)
[    3.531983] audit: type=2000 audit(1535986340.103:1): initialized
[    3.535745] Initialise system trusted keyring
[    3.547570] HugeTLB registered 2 MB page size, pre-allocated 0 pages
[    3.553007] zbud: loaded
[    3.555713] VFS: Disk quotas dquot_6.6.0
[    3.558380] VFS: Dquot-cache hash table entries: 512 (order 0, 4096 bytes)
[    3.559649] squashfs: version 4.0 (2009/01/31) Phillip Lougher
[    3.560841] fuse init (API version 7.23)
[    3.563723] Key type big_key registered
[    3.567420] Allocating IMA MOK and blacklist keyrings.
[    3.569121] Key type asymmetric registered
[    3.569930] Asymmetric key parser 'x509' registered
[    3.570843] Block layer SCSI generic (bsg) driver version 0.4 loaded (major 249)
[    3.572294] io scheduler noop registered
[    3.575045] io scheduler deadline registered (default)
[    3.575947] io scheduler cfq registered
[    3.578356] pci_hotplug: PCI Hot Plug PCI Core version: 0.5
[    3.579274] pciehp: PCI Express Hot Plug Controller Driver version: 0.4
[    3.580416] ACPI: AC Adapter [AC] (on-line)
[    3.583465] input: Power Button as /devices/LNXSYSTM:00/LNXPWRBN:00/input/input0
[    3.584784] ACPI: Power Button [PWRF]
[    3.585544] input: Sleep Button as /devices/LNXSYSTM:00/LNXSLPBN:00/input/input1
[    3.586823] ACPI: Sleep Button [SLPF]
[    3.587678] GHES: HEST is not enabled!
[    3.588909] ACPI: Battery Slot [BAT0] (battery present)
[    3.589932] Serial: 8250/16550 driver, 32 ports, IRQ sharing enabled
[    3.612197] 00:02: ttyS0 at I/O 0x3f8 (irq = 4, base_baud = 115200) is a 16550A
[    3.616029] Linux agpgart interface v0.103
[    3.618716] loop: module loaded
[    3.656727] scsi host0: ata_piix
[    3.693902] scsi host1: ata_piix
[  373266] a1PAA max UDMA/33 cmd 0x1f0 ctl 0x3f6 bmdma 0xd000 irq 14
[    3.981836] ata2: PATA max UDMA/33 cmd 0x170 ctl 0x37 bmdma 0xd008 irq 15

[    4.004075] libphy: Fixed MDIO Bus: probed
[    4.004848] tun: Universal TUN/TAP device driver, 1.6
[    4.56] n:(C) 1999-2004 Max Krasnyansky <maxk@qualcomm.com>
[    4.163791] PPP generic driver version 2.4.2
[    4.164587] ehci_hcd: USB 2.0 'Enhanced' Host Controller (EHCI) Driver
[    4.165619] ehci-pci: EHCI PCI platform driver
[    4.166435] ehci-platform: EHCI generic platform driver
[    4.167272] ohci_hcd: USB 1.1 'Open' Host Controller (OHCI) Driver
[    4.168828] ohci-pci: OHCI PCI platform driver
[    4.170204] ohci-platform: OHCI generic platform driver
[    4.171757] uhci_hcd: USB Universal Host Controller Interface driver
[    4.172829] i8042: PNP: PS/2 Controller [PNP0303:PS2K,PNP0f03:PS2M] at 0x60,0x64 irq 1,12
[   4.1746] serio: i8042 KBD port at 0x60,0x4 irq 1
[    4.259256] serio: i8042 AUX port at 0x60,0x64 irq 12
[    4.260197] mousedev: PS/2 mouse device common for all mice
[   4.261291] input: AT Translated Set 2 keyboard as /devices/platform/i8042/serio0/input/input2

[    4.283994] rtc_cmos rtc_cmos: rtc core: registered rtc_cmos as rtc0
[    4.284997] rtc_cmos rtc_cmos: alarms up to one day, 114 bytes nvram
[    4.286038] i2c /dev entries driver
[    4.286730] device-mapper: uevent: version 1.0.3
[    4.287565] device-mapper: ioctl: 4.34.0-ioctl (2015-10-28) initialised: dm-devel@redhat.com
[    4.289052] ledtrig-cpu: registered to indicate activity on CPUs
[    4.290509] NET: Registered protocol family 10
[    4.293900] NET: Registered protocol family 17
[    4.299243] Key type dns_resolver registered
[    4.300330] registered taskstats version 1
[    4.314351] Loading compiled-in X.509 certificates
[    4.318801] Loaded X.509 cert 'Build time autogenerated kernel key: 4eb3d024ac16f76c1747ffd474694c84db21038b'
[    4.320428] zswap: loaded using pool lzo/zbud
[    4.322905] Key type trusted registered
[    4.329076] Key type encrypted registered
[    4.330922] AppArmor: AppArmor sha1 policy hashing enabled
[    4.331829] ima: No TPM chip found, activating TPM-bypass!
[    4.332683] ima: Allocated hash algorithm: sha1
[    4.333524] evm: HMAC attrs: 0x1
[    4.334379]   Magic number: 2:68:889
[    4.335123] rtc_cmos rtc_cmos: setting system clock to 2018-09-03 14:52:18 UTC (1535986338)
[    4.336677] BIOS EDD facility v0.16 2004-Jun-25, 0 devices found
[    4.353609] EDD information not available.
[    4.372189] Freeing unused kernel memory: 1516K
[    4.417447] Write protecting the kernel read-only data: 14336k
[    4.419036] Freeing unused kernel memory: 1672K
[    4.420130] Freeing unused kernel memory: 92K
Loading, please wait...
starting version[    4.435985] random: systemd-udevd: uninitialized urandom read (16 bytes read, 2 bits of entropy available)
 229
[    4.436606] random: udevadm: uninitialized urandom read (16 bytes read, 2 bits of entropy available)
[    4.436626] random: udevadm: uninitialized urandom read (16 bytes read, 2 bits of entropy available)
[    4.443334] random: systemd-udevd: uninitialized urandom read (16 bytes read, 2 bits of entropy available)
[    4.444789] random: udevadm: uninitialized urandom read (16 bytes read, 2 bits of entropy available)
[    4.444828] random: udevadm: uninitialized urandom read (16 bytes read, 2 bits of entropy available)
[    4.444948] random: udevadm: uninitialized urandom read (16 bytes read, 2 bits of entropy available)
[    4.444993] random: udevadm: uninitialized urandom read (16 bytes read, 2 bits of entropy available)
[    4.445035] random: udevadm: uninitialized urandom read (16 bytes read, 2 bits of entropy available)
[    4.445078] random: udevadm: uninitialized urandom read (16 bytes read, 2 bits of entropy available)
[    4.484038] e1000: Intel(R) PRO/1000 Network Driver - version 7.3.21-k8-NAPI
[    4.531275] e1000: Copyright (c) 1999-2006 Intel Corporation.
[    4.532549] tsc: Refined TSC clocksource calibration: 2694.454 MHz
[    4.543799] clocksource: tsc: mask: 0xffffffffffffffff max_cycles: 0x26d6c709095, max_idle_ns: 440795222191 ns
[    4.559010] Fusion MPT base driver 3.04.20
[    4.582883] Copyright (c) 1999-2008 LSI Corporation
[    4.620064] AVX2 version of gcm_enc/dec engaged.
[    4.622034] AES CTR mode by8 optimization enabled
[    4.626451] Fusion MPT SPI Host driver 3.04.20
[    4.822964] input: ImExPS/2 Generic Explorer Mouse as /devices/platform/i8042/serio1/input/input4
[    4.923603] e1000 0000:00:03.0 eth0: (PCI:33MHz:32-bit) 02:1d:76:b3:3c:fe
[    5.534513] e1000 0000:00:03.0 eth0: Intel(R) PRO/1000 Network Connection
[    5.536320] mptbase: ioc0: Initiating bringup
[    5.572240] e1000 0000:00:03.0 enp0s3: renamed from eth0
[    5.643096] ioc0: LSI53C1030 A0: Capabilities={Initiator}
[    6.854239] scsi host2: ioc0: LSI53C1030 A0, FwRev=00000000h, Ports=1, MaxQ=256, IRQ=20
[    7.533736] scsi 2:0:0:0: Direct-Access     VBOX     HARDDISK         1.0  PQ: 0 ANSI: 5
[    7.558891] scsi target2:0:0: Beginning Domain Validation
[    7.574201] scsi target2:0:0: Domain Validation skipping write tests
[    7.578582] scsi target2:0:0: Ending Domain Validation
[    7.580651] scsi target2:0:0: asynchronous
[    7.581763] scsi 2:0:1:0: Direct-Access     VBOX     HARDDISK         1.0  PQ: 0 ANSI: 5
[    7.592456] scsi target2:0:1: Beginning Domain Validation
[    7.594208] scsi target2:0:1: Domain Validation skipping write tests
[    7.854415] scsi target2:0:1: Ending Domain Validation
[    8.084391] scsi target2:0:1: asynchronous
[    8.563589] sd 2:0:0:0: [sda] 20971520 512-byte logical blocks: (10.7 GB/10.0 GiB)
[    8.563685] sd 2:0:0:0: Attached scsi generic sg0 type 0
[    8.564048] sd 2:0:1:0: [sdb] 20480 512-byte logical blocks: (10.5 MB/10.0 MiB)
[    8.564175] sd 2:0:1:0: [sdb] Write Protect is off
[    8.564226] sd 2:0:1:0: [sdb] Incomplete mode parameter data
[    8.564227] sd 2:0:1:0: [sdb] Assuming drive cache: write through
[    8.564612] sd 2:0:1:0: Attached scsi generic sg1 type 0
[    8.565932] sd 2:0:1:0: [sdb] Attached SCSI disk
[    8.884913] sd 2:0:0:0: [sda] Write Protect is off
[    8.923962] sd 2:0:0:0: [sda] Incomplete mode parameter data
[    8.963696] sd 2:0:0:0: [sda] Assuming drive cache: write through
[    8.966067]  sda: sda1
[    9.044659] sd 2:0:0:0: [sda] Attached SCSI disk
Begin: Loading e[   10.340896] md: linear personality registered for level -1
ssential drivers ... [   10.358734] md: multipath personality registered for level -4
[   10.363484] md: raid0 personality registered for level 0
[   10.368427] md: raid1 personality registered for level 1
[   10.445885] raid6: sse2x1   gen()  9929 MB/s
[   10.602787] raid6: sse2x1   xor()  8923 MB/s
[   10.676090] raid6: sse2x2   gen() 12663 MB/s
[   10.792817] raid6: sse2x2   xor()  8009 MB/s
[   10.882779] raid6: sse2x4   gen() 14724 MB/s
[   10.969577] raid6: sse2x4   xor() 10257 MB/s
[   11.042056] raid6: avx2x1   gen() 16843 MB/s
[   11.152767] raid6: avx2x2   gen() 25321 MB/s
[   11.357507] raid6: avx2x4   gen() 25830 MB/s
[   11.363473] raid6: using algorithm avx2x4 gen() 25830 MB/s
[   11.364348] raid6: using avx2x2 recovery algorithm
[   11.366604] xor: automatically using best checksumming function:
[   11.425430]    avx       : 24767.000 MB/sec
[   11.443297] async_tx: api initialized (async)
[   11.451570] md: raid6 personality registered for level 6
[   11.467241] md: raid5 personality registered for level 5
[   11.469690] md: raid4 personality registered for level 4
[   11.475496] md: raid10 personality registered for level 10
done.
Begin: Running /scripts/init-premount ... done.
Begin: Mounting root file system ... Begin: Running /scripts/local-top ... done.
Begin: Running /scripts/local-premount ... [   11.519755] Btrfs loaded
Scanning for Btrfs filesystems
done.
Warning: fsck not present, so sk[   11.599388] EXT4-fs (sda1): mounted filesystem with ordered data mode. Opts: (null)
ipping root file system
done.
Begin: Running /scripts/local-bottom ... done.
Begin: Running /scripts/init-bottom ... done.
[   11.775862] systemd[1]: systemd 229 running in system mode. (+PAM +AUDIT +SELINUX +IMA +APPARMOR +SMACK +SYSVINIT +UTMP +LIBCRYPTSETUP +GCRYPT +GNUTLS +ACL +XZ -LZ4 +SECCOMP +BLKID +ELFUTILS +KMOD -IDN)
[   11.807304] systemd[1]: Detected virtualization oracle.
[   11.854536] systemd[1]: Detected architecture x86-64.

Welcome to [1mUbuntu 16.04.5 LTS[0m!

[   11.892064] systemd[1]: Set hostname to <ubuntu>.
[   11.935776] systemd[1]: Initializing machine ID from random generator.
[   11.938509] systemd[1]: Installed transient /etc/machine-id file.
[   12.061093] systemd[1]: Listening on udev Control Socket.
[[0;32m  OK  [0m] Listening on udev Control Socket.
[   12.071248] systemd[1]: Listening on LVM2 metadata daemon socket.
[[0;32m  OK  [0m] Listening on LVM2 metadata daemon socket.
[   12.075490] systemd[1]: Created slice System Slice.
[[0;32m  OK  [0m] Created slice System Slice.
[   12.079077] systemd[1]: Reached target Encrypted Volumes.
[[0;32m  OK  [0m] Reached target Encrypted Volumes.
[   12.081049] systemd[1]: Created slice system-serial\x2dgetty.slice.
[[0;32m  OK  [0m] Created slice system-serial\x2dgetty.slice.
[   12.097798] systemd[1]: Listening on Journal Audit Socket.
[[0;32m  OK  [0m] Listening on Journal Audit Socket.
[   12.105992] systemd[1]: Listening on Journal Socket (/dev/log).
[[0;32m  OK  [0m] Listening on Journal Socket (/dev/log).
[   12.111618] systemd[1]: Listening on /dev/initctl Compatibility Named Pipe.
[[0;32m  OK  [0m] Listening on /dev/initctl Compatibility Named Pipe.
[   12.169709] systemd[1]: Listening on Journal Socket.
[[0;32m  OK  [0m] Listening on Journal Socket.
[   12.249730] systemd[1]: Starting Uncomplicated firewall...
         Starting Uncomplicated firewall...
[   12.274129] systemd[1]: Starting Set console keymap...
         Starting Set console keymap...
[   12.341639] systemd[1]: Starting Nameserver information manager...
         Starting Nameserver information manager...
[   12.405755] systemd[1]: Starting Load Kernel Modules...
         [   12.439696] Loading iSCSI transport class v2.0-870.
Starting Load Kernel Modules...
[   12.444830] systemd[1]: Starting Remount Root and Kernel File Systems...
         Starting Remount Root and Kernel File Systems...
[   12.524069] EXT4-fs (sda1): re-mounted. Opts: (null)
[   12.524163] iscsi: registered transport (tcp)
[   12.545912] systemd[1]: Mounting POSIX Message Queue File System...
         Mounting POSIX Message Queue Fil[   12.732459] iscsi: registered transport (iser)
e System...
[   12.873570] systemd[1]: Listening on udev Kernel Socket.
[[0;32m  OK  [0m] Listening on udev Kernel Socket.
[   12.875341] systemd[1]: Started Trigger resolvconf update for networkd DNS.
[[0;32m  OK  [0m] Started Trigger resolvconf update for networkd DNS.
[   12.889770] systemd[1]: Starting Create list of required static device nodes for the current kernel...
         Starting Create list of required st... nodes for the current kernel...
[   12.961818] systemd[1]: Reached target User and Group Name Lookups.
[[0;32m  OK  [0m] Reached target User and Group Name Lookups.
[   13.054429] systemd[1]: Listening on LVM2 poll daemon socket.
[[0;32m  OK  [0m] Listening on LVM2 poll daemon socket.
[   13.056405] systemd[1]: Set up automount Arbitrary Executable File Formats File System Automount Point.
[[0;32m  OK  [0m] Set up automount Arbitrary Executab...ats File System Automount Point.
[   13.059838] systemd[1]: Reached target System Time Synchronized.
[[0;32m  OK  [0m] Reached target System Time Synchronized.
[   13.194673] systemd[1]: Listening on Syslog Socket.
[[0;32m  OK  [0m] Listening on Syslog Socket.
[   13.217648] systemd[1]: Starting Journal Service...
[   13.218330] random: nonblocking pool is initialized
         Starting Journal Service...
[   13.250585] systemd[1]: Mounting Debug File System...
         Mounting Debug File System...
[   13.255360] systemd[1]: Started Forward Password Requests to Wall Directory Watch.
[[0;32m  OK  [0m] Started Forward Password Requests to Wall Directory Watch.
[   13.275160] systemd[1]: Created slice User and Session Slice.
[[0;32m  OK  [0m] Created slice User and Session Slice.
[   13.282222] systemd[1]: Reached target Slices.
[[0;32m  OK  [0m] Reached target Slices.
[   13.283646] systemd[1]: Reached target Swap.
[[0;32m  OK  [0m] Reached target Swap.
[   13.285112] systemd[1]: Listening on Device-mapper event daemon FIFOs.
[[0;32m  OK  [0m] Listening on Device-mapper event daemon FIFOs.
[   13.325587] systemd[1]: Starting Monitoring of LVM2 mirrors, snapshots etc. using dmeventd or progress polling...
         Starting Monitoring of LVM2 mirrors... dmeventd or progress polling...
[   13.526744] systemd[1]: Mounting Huge Pages File System...
         Mounting Huge Pages File System...
[   13.532936] systemd[1]: Mounted Debug File System.
[[0;32m  OK  [0m] Mounted Debug File System.
[   13.569777] systemd[1]: Mounted Huge Pages File System.
[[0;32m  OK  [0m] Mounted Huge Pages File System.
[   13.586969] systemd[1]: Mounted POSIX Message Queue File System.
[[0;32m  OK  [0m] Mounted POSIX Message Queue File System.
[   13.595579] systemd[1]: Started Journal Service.
[[0;32m  OK  [0m] Started Journal Service.
[[0;32m  OK  [0m] Started Uncomplicated firewall.
[[0;32m  OK  [0m] Started Set console keymap.
[[0;32m  OK  [0m] Started Load Kernel Modules.
[[0;32m  OK  [0m] Started Remount Root and Kernel File Systems.
[[0;32m  OK  [0m] Started Create list of required sta...ce nodes for the current kernel.
[[0;32m  OK  [0m] Started Nameserver information manager.
[[0;32m  OK  [0m] Started LVM2 metadata daemon.
         Starting Create Static Device Nodes in /dev...
         Starting udev Coldplug all Devices...
         Starting Load/Save Random Seed...
         Mounting FUSE Control File System...
         Starting Apply Kernel Variables...
         Starting Flush Journal to Persistent Storage...
[[0;32m  OK  [0m] Mounted FUSE Control File System.
[[0;32m  OK  [0m] Started Create Static Device Nodes in /dev.
[[0;32m  OK  [0m] Started Load/Save Random Seed.
[[0;32m  OK  [0m] Started Apply Kernel Variables.
[[0;32m  OK  [0m] Started udev Coldplug all Devices.
[[0;32m  OK  [0m] Started Flush Journal to Persistent Storage.
         Starting udev Kernel Device Manager...
[[0;32m  OK  [0m] Started Monitoring of LVM2 mirrors,...ng dmeventd or progress polling.
[[0;32m  OK  [0m] Started udev Kernel Device Manager.
[[0;32m  OK  [0m] Reached target Local File Systems (Pre).
[[0;32m  OK  [0m] Reached target Local File Systems.
         Starting Initial cloud-init job (pre-networking)...
         Starting Set console font and keymap...
         Starting Create Volatile Files and Directories...
         Starting LSB: AppArmor initialization...
         Starting Tell Plymouth To Write Out Runtime Data...
         Starting Commit a transient machine-id on disk...
[[0;32m  OK  [0m] Started Dispatch Password Requests to Console Directory Watch.
[[0;32m  OK  [0m] Started Create Volatile Files and Directories.
[[0;32m  OK  [0m] Started Tell Plymouth To Write Out Runtime Data.
[   12.992444] [cloud-init[0;32m  OK  [0m[473]: ] Cloud-init v. 18.3-9-g2e62cb8a-0ubuntu1~16.04.2 running 'init-local' at Mon, 03 Sep 2018 14:52:29 +0000. Up 12.68 seconds.Started Commit a transient machine-id on disk.

[[0;32m  OK  [0m] Started Set console font and keymap.
[[0;32m  OK  [0m] Started Initial cloud-init job (pre-networking).
[[0;32m  OK  [0m] Found device /dev/ttyS0.
[[0;32m  OK  [0m] Listening on Load/Save RF Kill Switch Status /dev/rfkill Watch.
[[0;32m  OK  [0m] Reached target Network (Pre).
[[0;32m  OK  [0m] Created slice system-getty.slice.
         Starting Update UTMP about System Boot/Shutdown...
[[0;32m  OK  [0m] Started Update UTMP about System Boot/Shutdown.
[[0;32m  OK  [0m] Started LSB: AppArmor initialization.
         Starting Raise network interfaces...
[[0;32m  OK  [0m] Started Raise network interfaces.
         Starting Initial cloud-init job (metadata service crawler)...
[[0;32m  OK  [0m] Reached target Network.
[   14.718109] cloud-init[918]: Cloud-init v. 18.3-9-g2e62cb8a-0ubuntu1~16.04.2 running 'init' at Mon, 03 Sep 2018 14:52:30 +0000. Up 14.05 seconds.
[   14.756069] cloud-init[918]: ci-info: ++++++++++++++++++++++++++++++++++++++Net device info++++++++++++++++++++++++++++++++++++++
[   14.757681] cloud-init[918]: ci-info: +--------+------+----------------------------+---------------+--------+-------------------+
[   14.760996] cloud-init[918]: ci-info: | Device |  Up  |          Address           |      Mask     | Scope  |     Hw-Address    |
[   14.764254] cloud-init[918]: ci-info: +--------+------+----------------------------+---------------+--------+-------------------+
[   14.791766] [[0;32m  OK  [0m] Started Initial cloud-init job (metadata service crawler).
cloud-init[918]: ci-info: | enp0s3 | True |         10.0.2.15          | 255.255.255.0 | global | 02:1d:76:b3:3c:fe |[
[0;32m  OK  [0m] Reached target System Initialization.
[[0;32m  OK  [0m] Listening on ACPID Listen Socket.
[   14.794234] cloud-init[918]: ci-info: | enp0s3 | True | fe80::1d:76ff:feb3:3cfe/64 |       .       |  link  | 02:1d:76:b3:3c:fe |
[   14.977059]          cloud-initStarting Socket activation for snappy daemon.[918]: 
ci-info: |   lo   | True |         127.0.0.1          |   255.0.0.0   |  host  |         .         |
[   14.986990] [[0;32m  OK  [0m] Started Daily Cleanup of Temporary Directories.
cloud-init[918]: ci-info: |   lo   | True |          ::1/128           |       .       |  host  |         .         |
[   14.993851]          cloud-initStarting LXD - unix socket.[918]: 
ci-info: +--------+------+----------------------------+---------------+--------+-------------------+
[   14.996929] [cloud-init[0;32m  OK  [0m[918]: ] ci-info: +++++++++++++++++++++++++++Route IPv4 info++++++++++++++++++++++++++++Started Daily apt download activities.

[   14.997404] cloud-init[918]: ci-info: +-------+-------------+----------+---------------+-----------+-------+
[   15.204322] [cloud-init[0;32m  OK  [0m[918]: ] ci-info: | Route | Destination | Gateway  |    Genmask    | Interface | Flags |Started ACPI Events Check.

[[0;32m  OK  [0m] Reached target Paths.
[[0;32m  OK  [0m] Listening on UUID daemon activation socket.
[   15.205541] cloud-init[918]: ci-info: +-------+-------------+----------+---------------+-----------+-------+
[   15.240293] [cloud-init[0;32m  OK  [0m[918]: ] ci-info: |   0   |   0.0.0.0   | 10.0.2.2 |    0.0.0.0    |   enp0s3  |   UG  |Started Daily apt upgrade and clean activities.

[[0;32m  OK  [0m] Listening on D-Bus System Message Bus Socket.
[[0;32m  OK  [0m] Reached target Timers.
[   15.241134] cloud-init[918]: ci-info: |   1   |   10.0.2.0  | 0.0.0.0  | 255.255.255.0 |   enp0s3  |   U   |
[   15.249363] [cloud-init[0;32m  OK  [0m[918]: ] ci-info: +-------+-------------+----------+---------------+-----------+-------+Reached target Network is Online.

[   15.249760] cloud-init[918]: ci-info: +++++++++++++++++++Route IPv6 info+++++++++++++++++++
[   15.254774] cloud-init[918]: ci-info: +-------+-------------+---------+-----------+-------+
[   15.257152] cloud-init[918]: ci-info: | Route | Destination | Gateway | Interface | Flags |
[   15.261034] cloud-init[918]: ci-info: +-------+-------------+---------+-----------+-------+
[   15.264427]          Starting iSCSI initiator daemon (iscsid)...
[[0;32m  OK  [0m] Reached target Cloud-config availability.
[[0;32m  OK  [0m] Listening on Socket activation for snappy daemon.
[[0;32m  OK  [0m] Listening on LXD - unix socket.
[[0;32m  OK  [0m] Reached target Sockets.
[[0;32m  OK  [0m] Reached target Basic System.
cloud-init[918]: ci-info: |   0   |  fe80::/64  |    ::   |   enp0s3  |   U   |
[   15.273299] cloud-init[918]: ci-info: |   3   |   ff00::/8  |    ::   |   enp0s3  |   U   |
[   15.273770] cloud-init[918]: ci-info: +-------+-------------+---------+-----------+-------+
         Starting LSB: Record successful boot for GRUB...
[   15.274266] cloud-init[918]: Generating public/private rsa key pair.
[   15.316473] cloud-init[918]: Your identification has been saved in /etc/ssh/ssh_host_rsa_key.
[   15.316930] cloud-init[918]: Your public key has been saved in /etc/ssh/ssh_host_rsa_key.pub.
         Starting Login Service...
[   15.317072] cloud-init[918]: The key fingerprint is:
[   15.344954] cloud-init[918]: SHA256:EkT/LMkWba/zVWigwJmfwKJFpoo9jgcfWpSE8BkbGWc root@ubuntu-xenial
[   15.351292] cloud-init[918]: The key's randomart image is:
[   15.353280] cloud-init[918]: +---[RSA 2048]----+
         Starting Pollinate to seed the pseudo random number generator...
[   15.353799]          cloud-initStarting LSB: MD monitoring daemon...[918]: 
|o.=oE.=          |
[   15.394342] [cloud-init[0;32m  OK  [0m[918]: ] |.o.O = + +       |Started Regular background program processing daemon.

[   15.394688] cloud-init[918]: |  * . + X o .    |
[   15.444681] [cloud-init[0;32m  OK  [0m[918]: ] | + . o + X + . . |Started ACPI event daemon.

[   15.445156] cloud-init[918]: |o * . . S * . o .|
[   15.473265] cloud-init[918]: | B o   o . . . . |
[   15.479185] cloud-init[918]: |o +       o   .  |
[   15.482619] [cloud-init[0;32m  OK  [0m[918]: ] | .         o .   |Started FUSE filesystem for LXC.

[   15.483198] cloud-init[918]: |            .    |
[   15.516693]          cloud-initStarting LXD - container startup/shutdown...[918]: 
+----[SHA256]-----+
[   15.538116] cloud-init[918]: Generating public/private dsa key pair.
[   15.541233]          cloud-initStarting /etc/rc.local Compatibility...[918]: 
Your identification has been saved in /etc/ssh/ssh_host_dsa_key.
[   15.545105]          cloud-initStarting Virtualbox guest utils...[918]: 
Your public key has been saved in /etc/ssh/ssh_host_dsa_key.pub.
[   15.556482] [cloud-init[0;32m  OK  [0m[918]: ] The key fingerprint is:Started D-Bus System Message Bus.

[   15.556941] cloud-init[918]: SHA256:1AIOma/5MVeWXY9WLLblBLO5SuyWz4ePT4uMLs71x/4 root@ubuntu-xenial
[   15.563092] cloud-init[918]: The key's randomart image is:
[   15.565400] cloud-init[918]: +---[DSA 1024]----+
[   15.604416] cloud-init[918]: |    .o.       oo |
         Starting Accounts Service...
[   15.605215] cloud-init[918]: |    oo . .    ++=|
[   15.639858] cloud-init[918]: |     .. o .o ooX |
[   15.641872] cloud-init[918]: |      .. .+.. +.o|
[   15.659666] cloud-init[918]: |     o  So  o..  |
[   15.660007] cloud-init[918]: |    o o .  o o   |
         Starting System Logging Service...
[   15.660175] cloud-init[918]: |     . +   .= ...|
[   15.760906] cloud-init[918]: |      . ....+oo=o|
[   15.762377] cloud-init[918]: |        .ooo +**E|
[   15.764933] cloud-init[918]: +----[SHA256]-----+
[   15.766407] cloud-init[918]: Generating public/private ecdsa key pair.
[[   15.768823] cloud-init[918]: Your identification has been saved in /etc/ssh/ssh_host_ecdsa_key.
[0;32m  OK  [0m] Started Deferred execution scheduler.
[[   15.769530] cloud-init[918]: Your public key has been saved in /etc/ssh/ssh_host_ecdsa_key.pub.
[   15.772629] cloud-init[918]: The key fingerprint is:
[   15.772860] cloud-init[918]: SHA256:ujf53dkGfK7SnLY4svAyNxjWNQeqdL2IBlMeXg29us0 root@ubuntu-xenial
[   15.773123] cloud-init[918]: The key's randomart image is:
[   15.773398] cloud-init[918]: +---[ECDSA 256]---+
[   15.773531] cloud-init[918]: |          .+     |
[   15.773667] cloud-init[918]: |        o . +    |
[   15.773805] cloud-init[918]: |       + o o o   |
[   15.773935] cloud-init[918]: |      o + o = .  |
[   15.774224] cloud-init[918]: |       +S= + =   |
[   15.774362] cloud-init[918]: |       .* + . o .|
[   15.774501] cloud-init[918]: |      .o.+ + o = |
[   15.774642] cloud-init[918]: |       .Bo=.Eo=oo|
[   15.774781] cloud-init[918]: |      .. *++o+=+.|
[   15.774922] cloud-init[918]: +----[SHA256]-----+
[   15.775060] cloud-init[918]: Generating public/private ed25519 key pair.
[   15.775201] cloud-init[918]: Your identification has been saved in /etc/ssh/ssh_host_ed25519_key.
[   15.775341] cloud-init[918]: Your public key has been saved in /etc/ssh/ssh_host_ed25519_key.pub.
[   15.775483] cloud-init[918]: The key fingerprint is:
[   15.775618] cloud-init[918]: SHA256:vEkhmRZqIJdoFCYmXFPc039I0Bqiaid7CFl3fC3sSUY root@ubuntu-xenial
[   15.775759] cloud-init[918]: The key's randomart image is:
[   15.775896] cloud-init[918]: +--[ED25519 256]--+
[   15.776080] cloud-init[918]: |**=+o.o ..o      |
[   15.776189] cloud-init[918]: |*=...o B E o     |
[   15.776327] cloud-init[918]: |.   o B * * .    |
[   15.776466] cloud-init[918]: |   o + = O + .   |
[   15.776604] cloud-init[918]: |  o o . S o .    |
[   15.776784] cloud-init[918]: | o + . . =       |
[   15.776888] cloud-init[918]: |  o =   o        |
[   15.777023] cloud-init[918]: |   o .           |
[   15.777601] cloud-init[918]: |    .            |
[   15.777721] cloud-init[918]: +----[SHA256]-----+
[0;32m  OK  [0m] Started Unattended Upgrades Shutdown.
         Starting Snappy daemon...
[[0;32m  OK  [0m] Started System Logging Service.
[[0;32m  OK  [0m] Started LXD - container startup/shutdown.
[[0;32m  OK  [0m] Started /etc/rc.local Compatibility.
[[0;32m  OK  [0m] Started iSCSI initiator daemon (iscsid).
[[0;32m  OK  [0m] Started LSB: Record successful boot for GRUB.
[[0;32m  OK  [0m] Started LSB: MD monitoring daemon.
[[0;32m  OK  [0m] Started Login Service.
         Starting Authenticate and Authorize Users to Run Privileged Tasks...
         Starting Login to default iSCSI targets...
[[0;32m  OK  [0m] Started Virtualbox guest utils.
[[0;32m  OK  [0m] Started Snappy daemon.
[[0;32m  OK  [0m] Started Authenticate and Authorize Users to Run Privileged Tasks.
[[0;32m  OK  [0m] Started Accounts Service.
         Starting Wait until snapd is fully seeded...
[[0;32m  OK  [0m] Started Login to default iSCSI targets.
[[0;32m  OK  [0m] Reached target Remote File Systems (Pre).
[[0;32m  OK  [0m] Reached target Remote File Systems.
         Starting Permit User Sessions...
         Starting LSB: Set the CPU Frequency Scaling governor to "ondemand"...
         Starting LSB: automatic crash report generation...
         Starting LSB: daemon to balance interrupts for SMP systems...
[[0;32m  OK  [0m] Started Pollinate to seed the pseudo random number generator.
[[0;32m  OK  [0m] Started Permit User Sessions.
[[0;32m  OK  [0m] Started LSB: Set the CPU Frequency Scaling governor to "ondemand".
[[0;32m  OK  [0m] Started LSB: automatic crash report generation.
         Starting Hold until boot process finishes up...
         Starting Terminate Plymouth Boot Screen...
         Starting OpenBSD Secure Shell server...
[[0;32m  OK  [0m] Started LSB: daemon to balance interrupts for SMP systems.
[[0;32m  OK  [0m] Started Hold until boot process finishes up.
[[0;32m  OK  [0m] Started Terminate Plymouth Boot Screen.
[[0;32m  OK  [0m] Started OpenBSD Secure Shell server.
[[0;32m  OK  [0m] Started Serial Getty on ttyS0.
         Starting Set console scheme...
[[0;32m  OK  [0m] Started Getty on tty1.
[[0;32m  OK  [0m] Reached target Login Prompts.
[[0;32m  OK  [0m] Started Set console scheme.
[[0;32m  OK  [0m] Created slice User Slice of vagrant.
         Starting User Manager for UID 1000...
[[0;32m  OK  [0m] Started Session 1 of user vagrant.
[[0;32m  OK  [0m] Started User Manager for UID 1000.
[[0;32m  OK  [0m] Started Wait until snapd is fully seeded.
[[0;32m  OK  [0m] Reached target Multi-User System.
[[0;32m  OK  [0m] Reached target Graphical Interface.
         Starting Update UTMP about System Runlevel Changes...
         Starting Apply the settings specified in cloud-config...
[[0;32m  OK  [0m] Started Update UTMP about System Runlevel Changes.
[   18.017535] cloud-init[1311]: Generating locales (this might take a while)...
[   18.794518] cloud-init[1311]:   en_US.UTF-8... done
[   18.807045] cloud-init[1311]: Generation complete.
[   19.061506] cloud-init[1311]: Cloud-init v. 18.3-9-g2e62cb8a-0ubuntu1~16.04.2 running 'modules:config' at Mon, 03 Sep 2018 14:52:34 +0000. Up 17.90 seconds.
[[0;32m  OK  [0m] Started Apply the settings specified in cloud-config.
         Starting Execute cloud user/final scripts...
ci-info: no authorized ssh keys fingerprints found for user ubuntu.
<14>Sep  3 14:52:35 ec2: 
<14>Sep  3 14:52:35 ec2: #############################################################
<14>Sep  3 14:52:35 ec2: -----BEGIN SSH HOST KEY FINGERPRINTS-----
<14>Sep  3 14:52:35 ec2: 1024 SHA256:1AIOma/5MVeWXY9WLLblBLO5SuyWz4ePT4uMLs71x/4 root@ubuntu-xenial (DSA)
<14>Sep  3 14:52:35 ec2: 256 SHA256:ujf53dkGfK7SnLY4svAyNxjWNQeqdL2IBlMeXg29us0 root@ubuntu-xenial (ECDSA)
<14>Sep  3 14:52:35 ec2: 256 SHA256:vEkhmRZqIJdoFCYmXFPc039I0Bqiaid7CFl3fC3sSUY root@ubuntu-xenial (ED25519)
<14>Sep  3 14:52:35 ec2: 2048 SHA256:EkT/LMkWba/zVWigwJmfwKJFpoo9jgcfWpSE8BkbGWc root@ubuntu-xenial (RSA)
<14>Sep  3 14:52:35 ec2: -----END SSH HOST KEY FINGERPRINTS-----
<14>Sep  3 14:52:35 ec2: #############################################################
-----BEGIN SSH HOST KEY KEYS-----
ecdsa-sha2-nistp256 AAAAE2VjZHNhLXNoYTItbmlzdHAyNTYAAAAIbmlzdHAyNTYAAABBBDUk2dAiB1vYo5KXsgVMMP1gh/1NStkqzjUmKfX4Fa8j3lc1t9ToxuTBm5NkdlOmi7JgENWt1aPpfV7iACVghFw= root@ubuntu-xenial
ssh-ed25519 AAAAC3NzaC1lZDI1NTE5AAAAIMARGeXKfai1DLuGMCHjLBVKYz8Enzm8sWRwhyoTfV0W root@ubuntu-xenial
ssh-rsa AAAAB3NzaC1yc2EAAAADAQABAAABAQDDt8H/mHeUlzOd6zbAZh+jcWo8O02wNUEx+SKXY+pU5FAGz2Na1c6U0o3MzH4td4Wg+Lc9rzhwz/26lqyXV65Dsu9+dzfN7p9DM8dxpJaZeQimK7He/w4/XiK965y3KCFNnWYDwLlgTOtnQr4AIcTOWxmEKm1+A8rHHAoOUhRzwOuWROC+vOGt8mVG0UuSDV/SOtErzAcGk7TJN677aTPFnCehizYRaBa2TRVDApAPF1ZwMzU8xYevTGXHSk6GToT09pMSzI90YYCx9QjH70/8iZiQHAW15NJuyvZ8ki+DUv/x+r/lIJ4ED39YKRlwsx+Oq6i4daTHHNUBwEEgGG0f root@ubuntu-xenial
-----END SSH HOST KEY KEYS-----
[   19.562275] cloud-init[1408]: Cloud-init v. 18.3-9-g2e62cb8a-0ubuntu1~16.04.2 running 'modules:final' at Mon, 03 Sep 2018 14:52:35 +0000. Up 19.36 seconds.
[   19.589528] cloud-init[1408]: ci-info: no authorized ssh keys fingerprints found for user ubuntu.
[   19.591432] cloud-init[1408]: Cloud-init v. 18.3-9-g2e62cb8a-0ubuntu1~16.04.2 finished at Mon, 03 Sep 2018 14:52:35 +0000. Datasource DataSourceNoCloud [seed=/dev/sdb][dsmode=net].  Up 19.55 seconds
[[0;32m  OK  [0m] Started Execute cloud user/final scripts.
[[0;32m  OK  [0m] Reached target Cloud-init target.

Ubuntu 16.04.5 LTS ubuntu-xenial ttyS0

ubuntu-xenial login: 